01:27:04:533 [ALWAYS]	GUDE Logging Started
01:27:04:533 [INFO]	SqliteResumeCache::SqliteResumeCache basedirectory is null/empty
01:27:04:533 [ERROR]	SqliteResumeCache::CreateSqliteResumeCache creating resume cache pointer failure
01:27:04:533 [ERROR]	Initialize resume cache pointer failure
01:27:04:533 [INFO]	gude policy POLICY_USER limit (2,2,1) chunk 2097152, chunking (UL 0 DL 1), resXfer 1, adapt 0, NSURL 0, timeout 86400 
01:27:04:533 [INFO]	Initialized -- gude-lib version: v0.12.1 app: gude
01:27:06:140 [WARN]	Ignoring attempt to reinit logging to \gude at level 4 retaining 3 days of logs
01:27:06:140 [INFO]	SqliteResumeCache::SqliteResumeCache basedirectory is null/empty
01:27:06:140 [ERROR]	SqliteResumeCache::CreateSqliteResumeCache creating resume cache pointer failure
01:27:06:140 [ERROR]	Initialize resume cache pointer failure
01:27:06:140 [INFO]	gude policy POLICY_USER limit (4,4,1) chunk 2097152, chunking (UL 0 DL 1), resXfer 1, adapt 0, NSURL 1, timeout 86400 
01:27:06:140 [INFO]	Initialized -- gude-lib version: v0.12.1 app: gude
01:28:58:970 [ALWAYS]	GUDE Logging Started
01:28:58:970 [INFO]	SqliteResumeCache::SqliteResumeCache basedirectory is null/empty
01:28:58:970 [ERROR]	SqliteResumeCache::CreateSqliteResumeCache creating resume cache pointer failure
01:28:58:970 [ERROR]	Initialize resume cache pointer failure
01:28:58:970 [INFO]	gude policy POLICY_USER limit (2,2,1) chunk 2097152, chunking (UL 0 DL 1), resXfer 1, adapt 0, NSURL 0, timeout 86400 
01:28:58:970 [INFO]	Initialized -- gude-lib version: v0.12.1 app: gude
01:29:00:507 [WARN]	Ignoring attempt to reinit logging to \gude at level 4 retaining 3 days of logs
01:29:00:507 [INFO]	SqliteResumeCache::SqliteResumeCache basedirectory is null/empty
01:29:00:507 [ERROR]	SqliteResumeCache::CreateSqliteResumeCache creating resume cache pointer failure
01:29:00:507 [ERROR]	Initialize resume cache pointer failure
01:29:00:507 [INFO]	gude policy POLICY_USER limit (4,4,1) chunk 2097152, chunking (UL 0 DL 1), resXfer 1, adapt 0, NSURL 1, timeout 86400 
01:29:00:507 [INFO]	Initialized -- gude-lib version: v0.12.1 app: gude
